<?xml version="1.0" encoding="UTF-8"?>
<testng-results ignored="0" total="1" passed="1" failed="0" skipped="0">
  <reporter-output>
    <line>
      <![CDATA[[PASS] Clicking MEN navbar]]>
    </line>
    <line>
      <![CDATA[[PASS] Clicking WOMEN navbar]]>
    </line>
    <line>
      <![CDATA[[PASS] Clicking KIDS navbar]]>
    </line>
    <line>
      <![CDATA[[PASS] Clicking HOME navbar]]>
    </line>
    <line>
      <![CDATA[[PASS] Clicking BEAUTY navbar]]>
    </line>
    <line>
      <![CDATA[[PASS] Clicking GENZ navbar]]>
    </line>
    <line>
      <![CDATA[[PASS] Clicking STUDIO navbar]]>
    </line>
    <line>
      <![CDATA[[PASS] Clicking WISHLIST icon]]>
    </line>
    <line>
      <![CDATA[[PASS] Navbar navigation test completed successfully ]]>
    </line>
  </reporter-output>
  <suite started-at="2026-03-01T23:56:24 IST" name="Default suite" finished-at="2026-03-01T23:56:39 IST" duration-ms="14840">
    <groups>
    </groups>
    <test started-at="2026-03-01T23:56:24 IST" name="Default test" finished-at="2026-03-01T23:56:39 IST" duration-ms="14840">
      <class name="NavbarTesting.com.pages.NavbarNavigationTest">
        <test-method is-config="true" signature="startReport()[pri:0, instance:NavbarTesting.com.pages.NavbarNavigationTest@327514f]" started-at="2026-03-01T23:56:24 IST" name="startReport" finished-at="2026-03-01T23:56:24 IST" duration-ms="208" status="PASS">
          <reporter-output>
          </reporter-output>
        </test-method> <!-- startReport -->
        <test-method is-config="true" signature="setUp()[pri:0, instance:NavbarTesting.com.pages.NavbarNavigationTest@327514f]" started-at="2026-03-01T23:56:24 IST" name="setUp" finished-at="2026-03-01T23:56:29 IST" duration-ms="4887" status="PASS">
          <reporter-output>
          </reporter-output>
        </test-method> <!-- setUp -->
        <test-method signature="navbarNavigationTest()[pri:0, instance:NavbarTesting.com.pages.NavbarNavigationTest@327514f]" started-at="2026-03-01T23:56:29 IST" name="navbarNavigationTest" finished-at="2026-03-01T23:56:38 IST" duration-ms="9398" status="PASS">
          <reporter-output>
            <line>
              <![CDATA[[PASS] Clicking MEN navbar]]>
            </line>
            <line>
              <![CDATA[[PASS] Clicking WOMEN navbar]]>
            </line>
            <line>
              <![CDATA[[PASS] Clicking KIDS navbar]]>
            </line>
            <line>
              <![CDATA[[PASS] Clicking HOME navbar]]>
            </line>
            <line>
              <![CDATA[[PASS] Clicking BEAUTY navbar]]>
            </line>
            <line>
              <![CDATA[[PASS] Clicking GENZ navbar]]>
            </line>
            <line>
              <![CDATA[[PASS] Clicking STUDIO navbar]]>
            </line>
            <line>
              <![CDATA[[PASS] Clicking WISHLIST icon]]>
            </line>
            <line>
              <![CDATA[[PASS] Navbar navigation test completed successfully ]]>
            </line>
          </reporter-output>
        </test-method> <!-- navbarNavigationTest -->
        <test-method is-config="true" signature="tearDown()[pri:0, instance:NavbarTesting.com.pages.NavbarNavigationTest@327514f]" started-at="2026-03-01T23:56:38 IST" name="tearDown" finished-at="2026-03-01T23:56:39 IST" duration-ms="488" status="PASS">
          <reporter-output>
          </reporter-output>
        </test-method> <!-- tearDown -->
        <test-method is-config="true" signature="generateReport()[pri:0, instance:NavbarTesting.com.pages.NavbarNavigationTest@327514f]" started-at="2026-03-01T23:56:39 IST" name="generateReport" finished-at="2026-03-01T23:56:39 IST" duration-ms="305" status="PASS">
          <reporter-output>
          </reporter-output>
        </test-method> <!-- generateReport -->
      </class> <!-- NavbarTesting.com.pages.NavbarNavigationTest -->
    </test> <!-- Default test -->
  </suite> <!-- Default suite -->
</testng-results>
