<?xml version="1.0" encoding="UTF-8"?>
<testng-results ignored="0" total="1" passed="1" failed="0" skipped="0">
  <reporter-output>
    <line>
      <![CDATA[[INFO] Test Started: Verify product sorting by price]]>
    </line>
    <line>
      <![CDATA[[INFO] Navigating to Men → T-Shirts category]]>
    </line>
    <line>
      <![CDATA[[PASS] Successfully navigated to Men T-Shirts listing page]]>
    </line>
    <line>
      <![CDATA[[INFO] Applying sort: Price Low to High]]>
    </line>
    <line>
      <![CDATA[[INFO] Capturing first 5 product prices (Low to High)]]>
    </line>
    <line>
      <![CDATA[[INFO] Actual prices (Low to High): [109, 109, 119, 127, 179]]]>
    </line>
    <line>
      <![CDATA[[INFO] Expected sorted prices: [109, 109, 119, 127, 179]]]>
    </line>
    <line>
      <![CDATA[[PASS] Products are correctly sorted in Low → High order]]>
    </line>
    <line>
      <![CDATA[[INFO] Applying sort: Price High to Low]]>
    </line>
    <line>
      <![CDATA[[INFO] Capturing first 5 product prices (High to Low)]]>
    </line>
    <line>
      <![CDATA[[INFO] Actual prices (High to Low): [71800, 54000, 48500, 41750, 40500]]]>
    </line>
    <line>
      <![CDATA[[INFO] Expected sorted prices: [71800, 54000, 48500, 41750, 40500]]]>
    </line>
    <line>
      <![CDATA[[PASS] Products are correctly sorted in High → Low order]]>
    </line>
    <line>
      <![CDATA[[PASS] Test Completed Successfully: Sort by Price verification 🚀]]>
    </line>
  </reporter-output>
  <suite started-at="2026-03-12T20:57:32 IST" name="Default suite" finished-at="2026-03-12T20:58:07 IST" duration-ms="34705">
    <groups>
    </groups>
    <test started-at="2026-03-12T20:57:32 IST" name="Default test" finished-at="2026-03-12T20:58:07 IST" duration-ms="34705">
      <class name="FilterSortCaptureVerify.com.pages.SortByPriceTest">
        <test-method is-config="true" signature="startReport()[pri:0, instance:FilterSortCaptureVerify.com.pages.SortByPriceTest@22ff4249]" started-at="2026-03-12T20:57:32 IST" name="startReport" finished-at="2026-03-12T20:57:32 IST" duration-ms="313" status="PASS">
          <reporter-output>
          </reporter-output>
        </test-method> <!-- startReport -->
        <test-method is-config="true" signature="setup()[pri:0, instance:FilterSortCaptureVerify.com.pages.SortByPriceTest@22ff4249]" started-at="2026-03-12T20:57:32 IST" name="setup" finished-at="2026-03-12T20:57:48 IST" duration-ms="15826" status="PASS">
          <reporter-output>
          </reporter-output>
        </test-method> <!-- setup -->
        <test-method signature="verifySortByPriceLowAndHigh()[pri:0, instance:FilterSortCaptureVerify.com.pages.SortByPriceTest@22ff4249]" started-at="2026-03-12T20:57:48 IST" name="verifySortByPriceLowAndHigh" finished-at="2026-03-12T20:58:06 IST" duration-ms="18129" status="PASS">
          <reporter-output>
            <line>
              <![CDATA[[INFO] Test Started: Verify product sorting by price]]>
            </line>
            <line>
              <![CDATA[[INFO] Navigating to Men → T-Shirts category]]>
            </line>
            <line>
              <![CDATA[[PASS] Successfully navigated to Men T-Shirts listing page]]>
            </line>
            <line>
              <![CDATA[[INFO] Applying sort: Price Low to High]]>
            </line>
            <line>
              <![CDATA[[INFO] Capturing first 5 product prices (Low to High)]]>
            </line>
            <line>
              <![CDATA[[INFO] Actual prices (Low to High): [109, 109, 119, 127, 179]]]>
            </line>
            <line>
              <![CDATA[[INFO] Expected sorted prices: [109, 109, 119, 127, 179]]]>
            </line>
            <line>
              <![CDATA[[PASS] Products are correctly sorted in Low → High order]]>
            </line>
            <line>
              <![CDATA[[INFO] Applying sort: Price High to Low]]>
            </line>
            <line>
              <![CDATA[[INFO] Capturing first 5 product prices (High to Low)]]>
            </line>
            <line>
              <![CDATA[[INFO] Actual prices (High to Low): [71800, 54000, 48500, 41750, 40500]]]>
            </line>
            <line>
              <![CDATA[[INFO] Expected sorted prices: [71800, 54000, 48500, 41750, 40500]]]>
            </line>
            <line>
              <![CDATA[[PASS] Products are correctly sorted in High → Low order]]>
            </line>
            <line>
              <![CDATA[[PASS] Test Completed Successfully: Sort by Price verification 🚀]]>
            </line>
          </reporter-output>
        </test-method> <!-- verifySortByPriceLowAndHigh -->
        <test-method is-config="true" signature="tearDown()[pri:0, instance:FilterSortCaptureVerify.com.pages.SortByPriceTest@22ff4249]" started-at="2026-03-12T20:58:06 IST" name="tearDown" finished-at="2026-03-12T20:58:07 IST" duration-ms="695" status="PASS">
          <reporter-output>
          </reporter-output>
        </test-method> <!-- tearDown -->
        <test-method is-config="true" signature="generateReport()[pri:0, instance:FilterSortCaptureVerify.com.pages.SortByPriceTest@22ff4249]" started-at="2026-03-12T20:58:07 IST" name="generateReport" finished-at="2026-03-12T20:58:07 IST" duration-ms="322" status="PASS">
          <reporter-output>
          </reporter-output>
        </test-method> <!-- generateReport -->
      </class> <!-- FilterSortCaptureVerify.com.pages.SortByPriceTest -->
    </test> <!-- Default test -->
  </suite> <!-- Default suite -->
</testng-results>
