<?xml version="1.0" encoding="UTF-8"?>
<!-- Generated by org.testng.reporters.JUnitReportReporter -->
<testsuite hostname="LAPTOP-V79MQ4G8" failures="0" tests="5" name="tests.NegativeSearchTests" time="18.802" errors="0" timestamp="2026-03-13T14:47:51 IST" skipped="0">
  <testcase classname="tests.NegativeSearchTests" name="specialCharactersSearch" time="3.959"/>
  <testcase classname="tests.NegativeSearchTests" name="sqlInjectionSearch" time="3.143"/>
  <testcase classname="tests.NegativeSearchTests" name="scriptTagSearch" time="2.905"/>
  <testcase classname="tests.NegativeSearchTests" name="randomTextSearch" time="4.248"/>
  <testcase classname="tests.NegativeSearchTests" name="numbersOnlySearch" time="4.547"/>
</testsuite> <!-- tests.NegativeSearchTests -->
