<?xml version="1.0" encoding="UTF-8"?>
<!-- Generated by org.testng.reporters.JUnitReportReporter -->
<testsuite hostname="LAPTOP-V79MQ4G8" failures="0" tests="7" name="tests.SearchTests" time="38.156" errors="0" timestamp="2026-03-13T14:47:51 IST" skipped="0">
  <testcase classname="tests.SearchTests" name="searchLowercase" time="6.419"/>
  <testcase classname="tests.SearchTests" name="searchWithBrand" time="4.381"/>
  <testcase classname="tests.SearchTests" name="searchWithProductName" time="5.408"/>
  <testcase classname="tests.SearchTests" name="searchWithCategory" time="4.476"/>
  <testcase classname="tests.SearchTests" name="searchMixedCase" time="5.419"/>
  <testcase classname="tests.SearchTests" name="searchWithPartialKeyword" time="4.643"/>
  <testcase classname="tests.SearchTests" name="searchUppercase" time="7.410"/>
</testsuite> <!-- tests.SearchTests -->
