<?xml version="1.0" encoding="UTF-8"?>
<!-- Generated by org.testng.reporters.JUnitXMLReporter -->
<testsuite ignored="0" hostname="LAPTOP-V79MQ4G8" failures="0" tests="5" name="NegativeSearchTests" time="18.814" errors="0" timestamp="2026-03-13T14:47:51 IST">
  <testcase classname="tests.NegativeSearchTests" name="numbersOnlySearch" time="1.176"/>
  <testcase classname="tests.NegativeSearchTests" name="randomTextSearch" time="1.491"/>
  <testcase classname="tests.NegativeSearchTests" name="scriptTagSearch" time="0.462"/>
  <testcase classname="tests.NegativeSearchTests" name="specialCharactersSearch" time="1.423"/>
  <testcase classname="tests.NegativeSearchTests" name="sqlInjectionSearch" time="0.405"/>
</testsuite> <!-- NegativeSearchTests -->
