<?xml version="1.0" encoding="UTF-8"?>
<!-- Generated by org.testng.reporters.JUnitXMLReporter -->
<testsuite ignored="0" hostname="LAPTOP-V79MQ4G8" failures="0" tests="7" name="PositiveSearchTests" time="38.196" errors="0" timestamp="2026-03-13T14:47:33 IST">
  <testcase classname="tests.SearchTests" name="searchLowercase" time="2.361"/>
  <testcase classname="tests.SearchTests" name="searchMixedCase" time="2.1"/>
  <testcase classname="tests.SearchTests" name="searchUppercase" time="2.42"/>
  <testcase classname="tests.SearchTests" name="searchWithBrand" time="1.966"/>
  <testcase classname="tests.SearchTests" name="searchWithCategory" time="1.659"/>
  <testcase classname="tests.SearchTests" name="searchWithPartialKeyword" time="1.561"/>
  <testcase classname="tests.SearchTests" name="searchWithProductName" time="1.903"/>
</testsuite> <!-- PositiveSearchTests -->
