<?xml version="1.0" encoding="UTF-8"?>
<!-- Generated by org.testng.reporters.JUnitReportReporter -->
<testsuite hostname="LAPTOP-RGG6P887" failures="0" tests="1" name="NavbarTesting.com.pages.NavbarNavigationTest" time="14.773" errors="0" timestamp="2026-03-01T23:56:39 IST" skipped="0">
  <testcase classname="NavbarTesting.com.pages.NavbarNavigationTest" name="navbarNavigationTest" time="14.773">
    <system-out>
      <![CDATA[[PASS] Clicking MEN navbar
[PASS] Clicking WOMEN navbar
[PASS] Clicking KIDS navbar
[PASS] Clicking HOME navbar
[PASS] Clicking BEAUTY navbar
[PASS] Clicking GENZ navbar
[PASS] Clicking STUDIO navbar
[PASS] Clicking WISHLIST icon
[PASS] Navbar navigation test completed successfully ]]>
    </system-out>
  </testcase> <!-- navbarNavigationTest -->
  <system-out>
    <![CDATA[[PASS] Clicking MEN navbar
[PASS] Clicking WOMEN navbar
[PASS] Clicking KIDS navbar
[PASS] Clicking HOME navbar
[PASS] Clicking BEAUTY navbar
[PASS] Clicking GENZ navbar
[PASS] Clicking STUDIO navbar
[PASS] Clicking WISHLIST icon
[PASS] Navbar navigation test completed successfully ]]>
  </system-out>
</testsuite> <!-- NavbarTesting.com.pages.NavbarNavigationTest -->
