<?xml version="1.0" encoding="UTF-8"?>
<!-- Generated by org.testng.reporters.JUnitReportReporter -->
<testsuite hostname="LAPTOP-RGG6P887" failures="0" tests="1" name="FilterSortCaptureVerify.com.pages.SortByPriceTest" time="9.745" errors="0" timestamp="2026-03-01T23:55:49 IST" skipped="0">
  <testcase classname="FilterSortCaptureVerify.com.pages.SortByPriceTest" name="verifySortByPriceLowAndHigh" time="9.745">
    <system-out>
      <![CDATA[[INFO] Test Started: Verify product sorting by price
[INFO] Navigating to Men → T-Shirts category
[PASS] Successfully navigated to Men T-Shirts listing page
[INFO] Applying sort: Price Low to High
[INFO] Capturing first 5 product prices (Low to High)
[INFO] Actual prices (Low to High): [109, 109, 109, 109, 109]
[INFO] Expected sorted prices: [109, 109, 109, 109, 109]
[PASS] Products are correctly sorted in Low to High order
[INFO] Applying sort: Price High to Low
[INFO] Capturing first 5 product prices (High to Low)
[INFO] Actual prices (High to Low): [109, 109, 109, 109, 109]
[INFO] Expected sorted prices: [109, 109, 109, 109, 109]
[PASS] Products are correctly sorted in High to Low order
[PASS] Test Completed Successfully: Sort by Price verification 🚀]]>
    </system-out>
  </testcase> <!-- verifySortByPriceLowAndHigh -->
  <system-out>
    <![CDATA[[INFO] Test Started: Verify product sorting by price
[INFO] Navigating to Men → T-Shirts category
[PASS] Successfully navigated to Men T-Shirts listing page
[INFO] Applying sort: Price Low to High
[INFO] Capturing first 5 product prices (Low to High)
[INFO] Actual prices (Low to High): [109, 109, 109, 109, 109]
[INFO] Expected sorted prices: [109, 109, 109, 109, 109]
[PASS] Products are correctly sorted in Low to High order
[INFO] Applying sort: Price High to Low
[INFO] Capturing first 5 product prices (High to Low)
[INFO] Actual prices (High to Low): [109, 109, 109, 109, 109]
[INFO] Expected sorted prices: [109, 109, 109, 109, 109]
[PASS] Products are correctly sorted in High to Low order
[PASS] Test Completed Successfully: Sort by Price verification 🚀]]>
  </system-out>
</testsuite> <!-- FilterSortCaptureVerify.com.pages.SortByPriceTest -->
